[18:27:07] [ServerMain/WARN]: You specified a resource pack without providing a sha1 hash. Pack will be updated on the client only if you change the name of the pack.
[18:27:07] [ServerMain/INFO]: Environment: authHost='https://authserver.mojang.com', accountsHost='https://api.mojang.com', sessionHost='https://sessionserver.mojang.com', servicesHost='https://api.minecraftservices.com', name='PROD'
[18:27:07] [ServerMain/WARN]: Missing metadata in pack file/VanillaTweaks_d232763_UNZIP_ME.zip
[18:27:07] [ServerMain/WARN]: Ignored non-lowercase namespace: README.md in ./world/datapacks/mc_inventory
[18:27:07] [ServerMain/WARN]: Ignored non-lowercase namespace: README.md in ./world/datapacks/mc_inventory
[18:27:10] [ServerMain/WARN]: Found loot table element validation problem in {loot_tables:minecraft:entities/ender_dragon}.pools[1].entries[0]: Unknown loot table called minecraft:entities/reference/mmh/ender_dragon
[18:27:10] [ServerMain/WARN]: Found loot table element validation problem in {loot_tables:minecraft:entities/bat}.pools[1].entries[0]: Unknown loot table called minecraft:entities/reference/mmh/bat
[18:27:10] [ServerMain/WARN]: Found loot table element validation problem in {loot_tables:minecraft:entities/shulker}.pools[1].entries[0]: Unknown loot table called minecraft:entities/reference/mmh/shulker
[18:27:10] [ServerMain/INFO]: Loaded 7 recipes
[18:27:11] [Server thread/INFO]: Starting minecraft server version 1.20.1
[18:27:11] [Server thread/INFO]: Loading properties
[18:27:11] [Server thread/INFO]: This server is running CraftBukkit version 3857-Spigot-94e187b-8ef7afe (MC: 1.20.1) (Implementing API version 1.20.1-R0.1-SNAPSHOT)
[18:27:11] [Server thread/INFO]: Debug logging is disabled
[18:27:11] [Server thread/INFO]: Server Ping Player Sample Count: 12
[18:27:11] [Server thread/INFO]: Using 4 threads for Netty based IO
[18:27:11] [Server thread/INFO]: Default game type: SURVIVAL
[18:27:11] [Server thread/INFO]: Generating keypair
[18:27:11] [Server thread/INFO]: Starting Minecraft server on *:25565
[18:27:11] [Server thread/INFO]: Using epoll channel type
[18:27:12] [Server thread/INFO]: [WorldEdit] Loading WorldEdit v7.2.15+6463-5ca4dff
[18:27:13] [Server thread/INFO]: Got request to register class com.sk89q.worldedit.bukkit.BukkitServerInterface with WorldEdit [com.sk89q.worldedit.extension.platform.PlatformManager@1458275d]
[18:27:13] [Server thread/INFO]: [floodgate] Loading floodgate v2.2.2-SNAPSHOT (b69-492be77)
[18:27:14] [Server thread/WARN]: [floodgate] en_ is not a supported Floodgate language.
[18:27:14] [Server thread/INFO]: [floodgate] Took 886ms to boot Floodgate
[18:27:14] [Server thread/INFO]: [EnderChest] Loading EnderChest v1.0.2
[18:27:14] [Server thread/INFO]: [WorldGuard] Loading WorldGuard v7.0.9+5934e49
[18:27:14] [Server thread/INFO]: [Geyser-Spigot] Loading Geyser-Spigot v2.1.2-SNAPSHOT
[18:27:15] [Server thread/INFO]: [Geyser-Spigot] Loading extensions...
[18:27:15] [Server thread/INFO]: [Geyser-Spigot] Loaded 0 extension(s)
[18:27:15] [Server thread/INFO]: [WorldEdit] Enabling WorldEdit v7.2.15+6463-5ca4dff
[18:27:15] [Server thread/INFO]: Registering commands with com.sk89q.worldedit.bukkit.BukkitServerInterface
[18:27:15] [Server thread/INFO]: WEPIF: Using the Bukkit Permissions API.
[18:27:15] [Server thread/INFO]: Using com.sk89q.worldedit.bukkit.adapter.impl.v1_20_R1.PaperweightAdapter as the Bukkit adapter
[18:27:17] [Server thread/INFO]: [WorldEdit] ====================================================
[18:27:17] [Server thread/INFO]: [WorldEdit]  WorldEdit works better if you use Paper 
[18:27:17] [Server thread/INFO]: [WorldEdit]  as your server software. 
[18:27:17] [Server thread/INFO]: [WorldEdit]   
[18:27:17] [Server thread/INFO]: [WorldEdit]  Paper offers significant performance improvements,
[18:27:17] [Server thread/INFO]: [WorldEdit]  bug fixes, security enhancements and optional
[18:27:17] [Server thread/INFO]: [WorldEdit]  features for server owners to enhance their server.
[18:27:17] [Server thread/INFO]: [WorldEdit]   
[18:27:17] [Server thread/INFO]: [WorldEdit]  Paper includes Timings v2, which is significantly
[18:27:17] [Server thread/INFO]: [WorldEdit]  better at diagnosing lag problems over v1.
[18:27:17] [Server thread/INFO]: [WorldEdit]   
[18:27:17] [Server thread/INFO]: [WorldEdit]  All of your plugins should still work, and the
[18:27:17] [Server thread/INFO]: [WorldEdit]  Paper community will gladly help you fix any issues.
[18:27:17] [Server thread/INFO]: [WorldEdit]   
[18:27:17] [Server thread/INFO]: [WorldEdit]  Join the Paper Community @ https://papermc.io
[18:27:17] [Server thread/INFO]: [WorldEdit] ====================================================
[18:27:17] [Server thread/INFO]: Preparing level "world"
[18:27:17] [Server thread/INFO]: -------- World Settings For [world] --------
[18:27:17] [Server thread/INFO]: Item Despawn Rate: 6000
[18:27:17] [Server thread/INFO]: Item Merge Radius: 2.5
[18:27:17] [Server thread/INFO]: View Distance: 10
[18:27:17] [Server thread/INFO]: Simulation Distance: 10
[18:27:17] [Server thread/INFO]: Allow Zombie Pigmen to spawn from portal blocks: true
[18:27:17] [Server thread/INFO]: Arrow Despawn Rate: 1200 Trident Respawn Rate:1200
[18:27:17] [Server thread/INFO]: Nerfing mobs spawned from spawners: false
[18:27:17] [Server thread/INFO]: Zombie Aggressive Towards Villager: true
[18:27:17] [Server thread/INFO]: Mob Spawn Range: 6
[18:27:17] [Server thread/INFO]: Entity Activation Range: An 32 / Mo 32 / Ra 48 / Mi 16 / Tiv true / Isa false
[18:27:17] [Server thread/INFO]: Entity Tracking Range: Pl 48 / An 48 / Mo 48 / Mi 32 / Di 128 / Other 64
[18:27:17] [Server thread/INFO]: Hopper Transfer: 8 Hopper Check: 1 Hopper Amount: 1 Hopper Can Load Chunks: false
[18:27:17] [Server thread/INFO]: Custom Map Seeds:  Village: 10387312 Desert: 14357617 Igloo: 14357618 Jungle: 14357619 Swamp: 14357620 Monument: 10387313 Ocean: 14357621 Shipwreck: 165745295 End City: 10387313 Slime: 987234911 Nether: 30084232 Mansion: 10387319 Fossil: 14357921 Portal: 34222645
[18:27:17] [Server thread/INFO]: Experience Merge Radius: 3.0
[18:27:17] [Server thread/INFO]: Cactus Growth Modifier: 100%
[18:27:17] [Server thread/INFO]: Cane Growth Modifier: 100%
[18:27:17] [Server thread/INFO]: Melon Growth Modifier: 100%
[18:27:17] [Server thread/INFO]: Mushroom Growth Modifier: 100%
[18:27:17] [Server thread/INFO]: Pumpkin Growth Modifier: 100%
[18:27:17] [Server thread/INFO]: Sapling Growth Modifier: 100%
[18:27:17] [Server thread/INFO]: Beetroot Growth Modifier: 100%
[18:27:17] [Server thread/INFO]: Carrot Growth Modifier: 100%
[18:27:17] [Server thread/INFO]: Potato Growth Modifier: 100%
[18:27:17] [Server thread/INFO]: Wheat Growth Modifier: 100%
[18:27:17] [Server thread/INFO]: NetherWart Growth Modifier: 100%
[18:27:17] [Server thread/INFO]: Vine Growth Modifier: 100%
[18:27:17] [Server thread/INFO]: Cocoa Growth Modifier: 100%
[18:27:17] [Server thread/INFO]: Bamboo Growth Modifier: 100%
[18:27:17] [Server thread/INFO]: SweetBerry Growth Modifier: 100%
[18:27:17] [Server thread/INFO]: Kelp Growth Modifier: 100%
[18:27:17] [Server thread/INFO]: TwistingVines Growth Modifier: 100%
[18:27:17] [Server thread/INFO]: WeepingVines Growth Modifier: 100%
[18:27:17] [Server thread/INFO]: CaveVines Growth Modifier: 100%
[18:27:17] [Server thread/INFO]: Max TNT Explosions: 100
[18:27:17] [Server thread/INFO]: Tile Max Tick Time: 50ms Entity max Tick Time: 50ms
[18:27:18] [Server thread/INFO]: -------- World Settings For [world_nether] --------
[18:27:18] [Server thread/INFO]: Item Despawn Rate: 6000
[18:27:18] [Server thread/INFO]: Item Merge Radius: 2.5
[18:27:18] [Server thread/INFO]: View Distance: 10
[18:27:18] [Server thread/INFO]: Simulation Distance: 10
[18:27:18] [Server thread/INFO]: Allow Zombie Pigmen to spawn from portal blocks: true
[18:27:18] [Server thread/INFO]: Arrow Despawn Rate: 1200 Trident Respawn Rate:1200
[18:27:18] [Server thread/INFO]: Nerfing mobs spawned from spawners: false
[18:27:18] [Server thread/INFO]: Zombie Aggressive Towards Villager: true
[18:27:18] [Server thread/INFO]: Mob Spawn Range: 6
[18:27:18] [Server thread/INFO]: Entity Activation Range: An 32 / Mo 32 / Ra 48 / Mi 16 / Tiv true / Isa false
[18:27:18] [Server thread/INFO]: Entity Tracking Range: Pl 48 / An 48 / Mo 48 / Mi 32 / Di 128 / Other 64
[18:27:18] [Server thread/INFO]: Hopper Transfer: 8 Hopper Check: 1 Hopper Amount: 1 Hopper Can Load Chunks: false
[18:27:18] [Server thread/INFO]: Custom Map Seeds:  Village: 10387312 Desert: 14357617 Igloo: 14357618 Jungle: 14357619 Swamp: 14357620 Monument: 10387313 Ocean: 14357621 Shipwreck: 165745295 End City: 10387313 Slime: 987234911 Nether: 30084232 Mansion: 10387319 Fossil: 14357921 Portal: 34222645
[18:27:18] [Server thread/INFO]: Experience Merge Radius: 3.0
[18:27:18] [Server thread/INFO]: Cactus Growth Modifier: 100%
[18:27:18] [Server thread/INFO]: Cane Growth Modifier: 100%
[18:27:18] [Server thread/INFO]: Melon Growth Modifier: 100%
[18:27:18] [Server thread/INFO]: Mushroom Growth Modifier: 100%
[18:27:18] [Server thread/INFO]: Pumpkin Growth Modifier: 100%
[18:27:18] [Server thread/INFO]: Sapling Growth Modifier: 100%
[18:27:18] [Server thread/INFO]: Beetroot Growth Modifier: 100%
[18:27:18] [Server thread/INFO]: Carrot Growth Modifier: 100%
[18:27:18] [Server thread/INFO]: Potato Growth Modifier: 100%
[18:27:18] [Server thread/INFO]: Wheat Growth Modifier: 100%
[18:27:18] [Server thread/INFO]: NetherWart Growth Modifier: 100%
[18:27:18] [Server thread/INFO]: Vine Growth Modifier: 100%
[18:27:18] [Server thread/INFO]: Cocoa Growth Modifier: 100%
[18:27:18] [Server thread/INFO]: Bamboo Growth Modifier: 100%
[18:27:18] [Server thread/INFO]: SweetBerry Growth Modifier: 100%
[18:27:18] [Server thread/INFO]: Kelp Growth Modifier: 100%
[18:27:18] [Server thread/INFO]: TwistingVines Growth Modifier: 100%
[18:27:18] [Server thread/INFO]: WeepingVines Growth Modifier: 100%
[18:27:18] [Server thread/INFO]: CaveVines Growth Modifier: 100%
[18:27:18] [Server thread/INFO]: Max TNT Explosions: 100
[18:27:18] [Server thread/INFO]: Tile Max Tick Time: 50ms Entity max Tick Time: 50ms
[18:27:25] [Server thread/INFO]: -------- World Settings For [world_the_end] --------
[18:27:25] [Server thread/INFO]: Item Despawn Rate: 6000
[18:27:25] [Server thread/INFO]: Item Merge Radius: 2.5
[18:27:25] [Server thread/INFO]: View Distance: 10
[18:27:25] [Server thread/INFO]: Simulation Distance: 10
[18:27:25] [Server thread/INFO]: Allow Zombie Pigmen to spawn from portal blocks: true
[18:27:25] [Server thread/INFO]: Arrow Despawn Rate: 1200 Trident Respawn Rate:1200
[18:27:25] [Server thread/INFO]: Nerfing mobs spawned from spawners: false
[18:27:25] [Server thread/INFO]: Zombie Aggressive Towards Villager: true
[18:27:25] [Server thread/INFO]: Mob Spawn Range: 6
[18:27:25] [Server thread/INFO]: Entity Activation Range: An 32 / Mo 32 / Ra 48 / Mi 16 / Tiv true / Isa false
[18:27:25] [Server thread/INFO]: Entity Tracking Range: Pl 48 / An 48 / Mo 48 / Mi 32 / Di 128 / Other 64
[18:27:25] [Server thread/INFO]: Hopper Transfer: 8 Hopper Check: 1 Hopper Amount: 1 Hopper Can Load Chunks: false
[18:27:25] [Server thread/INFO]: Custom Map Seeds:  Village: 10387312 Desert: 14357617 Igloo: 14357618 Jungle: 14357619 Swamp: 14357620 Monument: 10387313 Ocean: 14357621 Shipwreck: 165745295 End City: 10387313 Slime: 987234911 Nether: 30084232 Mansion: 10387319 Fossil: 14357921 Portal: 34222645
[18:27:25] [Server thread/INFO]: Experience Merge Radius: 3.0
[18:27:25] [Server thread/INFO]: Cactus Growth Modifier: 100%
[18:27:25] [Server thread/INFO]: Cane Growth Modifier: 100%
[18:27:25] [Server thread/INFO]: Melon Growth Modifier: 100%
[18:27:25] [Server thread/INFO]: Mushroom Growth Modifier: 100%
[18:27:25] [Server thread/INFO]: Pumpkin Growth Modifier: 100%
[18:27:26] [Server thread/INFO]: Sapling Growth Modifier: 100%
[18:27:26] [Server thread/INFO]: Beetroot Growth Modifier: 100%
[18:27:26] [Server thread/INFO]: Carrot Growth Modifier: 100%
[18:27:26] [Server thread/INFO]: Potato Growth Modifier: 100%
[18:27:26] [Server thread/INFO]: Wheat Growth Modifier: 100%
[18:27:26] [Server thread/INFO]: NetherWart Growth Modifier: 100%
[18:27:26] [Server thread/INFO]: Vine Growth Modifier: 100%
[18:27:26] [Server thread/INFO]: Cocoa Growth Modifier: 100%
[18:27:26] [Server thread/INFO]: Bamboo Growth Modifier: 100%
[18:27:26] [Server thread/INFO]: SweetBerry Growth Modifier: 100%
[18:27:26] [Server thread/INFO]: Kelp Growth Modifier: 100%
[18:27:26] [Server thread/INFO]: TwistingVines Growth Modifier: 100%
[18:27:26] [Server thread/INFO]: WeepingVines Growth Modifier: 100%
[18:27:26] [Server thread/INFO]: CaveVines Growth Modifier: 100%
[18:27:26] [Server thread/INFO]: Max TNT Explosions: 100
[18:27:26] [Server thread/INFO]: Tile Max Tick Time: 50ms Entity max Tick Time: 50ms
[18:27:26] [Server thread/INFO]: Preparing start region for dimension minecraft:overworld
[18:27:30] [Worker-Main-1/INFO]: Preparing spawn area: 0%
[18:27:31] [Worker-Main-1/INFO]: Preparing spawn area: 0%
[18:27:31] [Worker-Main-1/INFO]: Preparing spawn area: 0%
[18:27:31] [Worker-Main-1/INFO]: Preparing spawn area: 0%
[18:27:31] [Worker-Main-1/INFO]: Preparing spawn area: 0%
[18:27:31] [Worker-Main-1/INFO]: Preparing spawn area: 0%
[18:27:31] [Worker-Main-1/INFO]: Preparing spawn area: 0%
[18:27:31] [Worker-Main-1/INFO]: Preparing spawn area: 0%
[18:27:31] [Worker-Main-1/INFO]: Preparing spawn area: 0%
[18:27:31] [Worker-Main-1/INFO]: Preparing spawn area: 0%
[18:27:31] [Worker-Main-1/INFO]: Preparing spawn area: 0%
[18:27:31] [Worker-Main-1/INFO]: Preparing spawn area: 0%
[18:27:32] [Worker-Main-1/INFO]: Preparing spawn area: 0%
[18:27:32] [Worker-Main-1/INFO]: Preparing spawn area: 0%
[18:27:33] [Worker-Main-1/INFO]: Preparing spawn area: 0%
[18:27:33] [Worker-Main-1/INFO]: Preparing spawn area: 0%
[18:27:34] [Worker-Main-1/INFO]: Preparing spawn area: 0%
[18:27:34] [Worker-Main-1/INFO]: Preparing spawn area: 0%
[18:27:35] [Worker-Main-1/INFO]: Preparing spawn area: 0%
[18:27:36] [Worker-Main-1/INFO]: Preparing spawn area: 100%
[18:27:36] [Worker-Main-1/INFO]: Preparing spawn area: 100%
[18:27:36] [Worker-Main-1/INFO]: Preparing spawn area: 100%
[18:27:37] [Worker-Main-1/INFO]: Preparing spawn area: 100%
[18:27:37] [Worker-Main-1/INFO]: Preparing spawn area: 100%
[18:27:37] [Server thread/INFO]: Time elapsed: 11770 ms
[18:27:37] [Server thread/INFO]: Preparing start region for dimension minecraft:the_nether
[18:27:41] [Worker-Main-1/INFO]: Preparing spawn area: 0%
[18:27:41] [Worker-Main-1/INFO]: Preparing spawn area: 0%
[18:27:41] [Worker-Main-1/INFO]: Preparing spawn area: 0%
[18:27:41] [Worker-Main-1/INFO]: Preparing spawn area: 0%
[18:27:41] [Worker-Main-1/INFO]: Preparing spawn area: 0%
[18:27:41] [Worker-Main-1/INFO]: Preparing spawn area: 0%
[18:27:41] [Worker-Main-1/INFO]: Preparing spawn area: 0%
[18:27:41] [Worker-Main-1/INFO]: Preparing spawn area: 0%
[18:27:41] [Worker-Main-1/INFO]: Preparing spawn area: 0%
[18:27:42] [Worker-Main-1/INFO]: Preparing spawn area: 1%
[18:27:42] [Worker-Main-1/INFO]: Preparing spawn area: 4%
[18:27:43] [Worker-Main-1/INFO]: Preparing spawn area: 24%
[18:27:43] [Worker-Main-1/INFO]: Preparing spawn area: 57%
[18:27:44] [Worker-Main-1/INFO]: Preparing spawn area: 100%
[18:27:44] [Server thread/INFO]: Time elapsed: 6571 ms
[18:27:44] [Server thread/INFO]: Preparing start region for dimension minecraft:the_end
[18:27:47] [Worker-Main-1/INFO]: Preparing spawn area: 0%
[18:27:47] [Worker-Main-1/INFO]: Preparing spawn area: 0%
[18:27:47] [Worker-Main-1/INFO]: Preparing spawn area: 0%
[18:27:47] [Worker-Main-1/INFO]: Preparing spawn area: 0%
[18:27:47] [Worker-Main-1/INFO]: Preparing spawn area: 0%
[18:27:47] [Worker-Main-1/INFO]: Preparing spawn area: 0%
[18:27:47] [Worker-Main-1/INFO]: Preparing spawn area: 0%
[18:27:48] [Worker-Main-1/INFO]: Preparing spawn area: 0%
[18:27:48] [Worker-Main-1/INFO]: Preparing spawn area: 0%
[18:27:49] [Worker-Main-1/INFO]: Preparing spawn area: 0%
[18:27:49] [Worker-Main-1/INFO]: Preparing spawn area: 0%
[18:27:50] [Worker-Main-1/INFO]: Preparing spawn area: 100%
[18:27:50] [Server thread/INFO]: Time elapsed: 5670 ms
[18:27:50] [Server thread/INFO]: [floodgate] Enabling floodgate v2.2.2-SNAPSHOT (b69-492be77)
[18:27:50] [Server thread/INFO]: [EnderChest] Enabling EnderChest v1.0.2
[18:27:50] [Server thread/INFO]: [0;35;22m[[0;35;1mEnderChest[0;35;22m][m [0;35;22m------------------------------[m
[18:27:50] [Server thread/INFO]: [0;35;22m[[0;35;1mEnderChest[0;35;22m][m [0;32;1mON [0;35;1mEnderChest [0;34;1mVersion 1.0.1[m
[18:27:50] [Server thread/INFO]: [0;35;22m[[0;35;1mEnderChest[0;35;22m][m [0;35;1mGitHub: [0;37;1mhttps://github.com/HappyRogelio7/[m
[18:27:50] [Server thread/INFO]: [0;35;22m[[0;35;1mEnderChest[0;35;22m][m [0;33;1mRepositories: [0;37;1mhttps://github.com/HappyRogelio7/EnderChest-Plugin-Command-MC[m
[18:27:50] [Server thread/INFO]: [0;35;22m[[0;35;1mEnderChest[0;35;22m][m [0;35;22m------------------------------[m
[18:27:50] [Server thread/INFO]: [WorldGuard] Enabling WorldGuard v7.0.9+5934e49
[18:27:51] [Server thread/INFO]: [WorldGuard] (world) TNT ignition is PERMITTED.
[18:27:51] [Server thread/INFO]: [WorldGuard] (world) Lighters are PERMITTED.
[18:27:51] [Server thread/INFO]: [WorldGuard] (world) Lava fire is PERMITTED.
[18:27:51] [Server thread/INFO]: [WorldGuard] (world) Fire spread is UNRESTRICTED.
[18:27:51] [Server thread/INFO]: [WorldGuard] Loaded configuration for world 'world'
[18:27:51] [Server thread/INFO]: [WorldGuard] (world_nether) TNT ignition is PERMITTED.
[18:27:51] [Server thread/INFO]: [WorldGuard] (world_nether) Lighters are PERMITTED.
[18:27:51] [Server thread/INFO]: [WorldGuard] (world_nether) Lava fire is PERMITTED.
[18:27:51] [Server thread/INFO]: [WorldGuard] (world_nether) Fire spread is UNRESTRICTED.
[18:27:51] [Server thread/INFO]: [WorldGuard] Loaded configuration for world 'world_nether'
[18:27:51] [Server thread/INFO]: [WorldGuard] (world_the_end) TNT ignition is PERMITTED.
[18:27:51] [Server thread/INFO]: [WorldGuard] (world_the_end) Lighters are PERMITTED.
[18:27:51] [Server thread/INFO]: [WorldGuard] (world_the_end) Lava fire is PERMITTED.
[18:27:51] [Server thread/INFO]: [WorldGuard] (world_the_end) Fire spread is UNRESTRICTED.
[18:27:51] [Server thread/INFO]: [WorldGuard] Loaded configuration for world 'world_the_end'
[18:27:51] [Server thread/INFO]: [WorldGuard] Loading region data...
[18:27:51] [Server thread/INFO]: [Geyser-Spigot] Enabling Geyser-Spigot v2.1.2-SNAPSHOT
[18:27:51] [Server thread/INFO]: Server permissions file permissions.yml is empty, ignoring it
[18:27:52] [Server thread/INFO]: [Geyser-Spigot] ******************************************
[18:27:52] [Server thread/INFO]: [Geyser-Spigot] 
[18:27:52] [Server thread/INFO]: [Geyser-Spigot] Loading Geyser version 2.1.2-SNAPSHOT (git-master-661a9b4)
[18:27:52] [Server thread/INFO]: [Geyser-Spigot] 
[18:27:52] [Server thread/INFO]: [Geyser-Spigot] ******************************************
[18:27:57] [epollEventLoopGroup-3-1/INFO]: [Geyser-Spigot] Started Geyser on 0.0.0.0:19132
[18:27:57] [Server thread/INFO]: [Geyser-Spigot] Done (5.53s)! Run /geyser help for help!
[18:27:57] [Server thread/INFO]: Done (39.933s)! For help, type "help"
[18:27:57] [Server thread/WARN]: UUID of added entity already exists: EntityArmorStand['Armor Stand'/260, l='ServerLevel[world]', x=22068880.50, y=1000.00, z=-4185487.50]
[18:28:00] [User Authenticator #1/INFO]: UUID of player JAMtime_ is 9a5e031f-411a-4052-b202-5ccb6b6c0591
[18:28:01] [Server thread/INFO]: JAMtime_ joined the game
[18:28:01] [Server thread/INFO]: JAMtime_[/98.97.84.97:16160] logged in with entity id 361 at ([world_the_end]-766.6007202548566, 54.0, 585.1583522801477)
[18:31:04] [User Authenticator #2/INFO]: UUID of player firephoenix749 is baf1a5ea-f94f-46d5-8395-4620e77717d2
[18:31:05] [Server thread/INFO]: firephoenix749 joined the game
[18:31:05] [Server thread/INFO]: firephoenix749[/98.97.84.97:64910] logged in with entity id 578 at ([world_the_end]-759.5437082772049, 57.0, 576.6392475291867)
[18:33:08] [Server thread/INFO]: JAMtime_ issued server command: /trigger sethome add 14
[18:33:08] [Server thread/INFO]: [JAMtime_: Triggered [Set Home] (added 14 to value)]
[18:37:13] [Server thread/INFO]: JAMtime_ issued server command: /trigger home
[18:37:13] [Server thread/INFO]: [JAMtime_: Triggered [Home]]
[18:37:18] [Server thread/INFO]: firephoenix749 issued server command: /trigger sethome add 11
[18:37:18] [Server thread/INFO]: [firephoenix749: Triggered [Set Home] (added 11 to value)]
[18:37:42] [Server thread/INFO]: firephoenix749 issued server command: /trigger home
[18:37:42] [Server thread/INFO]: [firephoenix749: Triggered [Home]]
[18:38:31] [Server thread/INFO]: JAMtime_ issued server command: /trigger back
[18:38:31] [Server thread/INFO]: [JAMtime_: Triggered [Back]]
[18:40:08] [Server thread/INFO]: JAMtime_ issued server command: /trigger back
[18:40:08] [Server thread/INFO]: [JAMtime_: Triggered [Back]]
[18:40:53] [Server thread/INFO]: JAMtime_ lost connection: Disconnected
[18:40:53] [Server thread/INFO]: JAMtime_ left the game
[19:06:00] [Server thread/INFO]: firephoenix749 lost connection: Disconnected
[19:06:00] [Server thread/INFO]: firephoenix749 left the game
[19:06:32] [epollEventLoopGroup-3-1/INFO]: [Geyser-Spigot] /37.19.200.138:51698 tried to connect!
[19:06:34] [epollEventLoopGroup-3-2/INFO]: [Geyser-Spigot] Player connected with username peggl300
[19:06:34] [defaultEventLoopGroup-6-2/INFO]: [Geyser-Spigot] peggl300 (logged in as: peggl300) has connected to the Java server
[19:06:35] [Geyser Spigot connection thread-5-3/INFO]: UUID of player .peggl300 is 00000000-0000-0000-0009-00000b949f41
[19:06:35] [Server thread/INFO]: [floodgate] Floodgate player logged in as .peggl300 joined (UUID: 00000000-0000-0000-0009-00000b949f41)
[19:06:35] [Server thread/INFO]: .peggl300 joined the game
[19:06:35] [Server thread/INFO]: .peggl300[/37.19.200.138:0] logged in with entity id 4005 at ([world]0.5481877, 0.0, 1.8879433)
[19:07:06] [Server thread/INFO]: .peggl300 issued server command: /trigger homes
[19:07:06] [Server thread/INFO]: [.peggl300: Triggered [Homes]]
[19:07:41] [Server thread/INFO]: .peggl300 issued server command: /trigger home set 2
[19:07:41] [Server thread/INFO]: [.peggl300: Triggered [Home] (set value to 2)]
[19:12:31] [defaultEventLoopGroup-6-2/INFO]: [Geyser-Spigot] peggl300 has disconnected from the Java server because of Bedrock client disconnected
[19:12:31] [Geyser Spigot connection thread-5-3/INFO]: [floodgate] Floodgate player logged in as .peggl300 disconnected
[19:12:31] [Server thread/INFO]: .peggl300 lost connection: Disconnected
[19:12:31] [Server thread/INFO]: .peggl300 left the game
[19:13:30] [User Authenticator #3/INFO]: UUID of player firephoenix749 is baf1a5ea-f94f-46d5-8395-4620e77717d2
[19:13:30] [Server thread/INFO]: firephoenix749 joined the game
[19:13:31] [Server thread/INFO]: firephoenix749[/98.97.84.97:3438] logged in with entity id 4766 at ([world]102.39037698170272, 119.0, -125.51482760142001)
[19:13:32] [epollEventLoopGroup-3-1/INFO]: [Geyser-Spigot] /37.19.200.138:51698 tried to connect!
[19:13:33] [epollEventLoopGroup-3-3/INFO]: [Geyser-Spigot] Player connected with username peggl300
[19:13:33] [defaultEventLoopGroup-6-3/INFO]: [Geyser-Spigot] peggl300 (logged in as: peggl300) has connected to the Java server
[19:13:34] [Geyser Spigot connection thread-5-4/INFO]: UUID of player .peggl300 is 00000000-0000-0000-0009-00000b949f41
[19:13:34] [Server thread/INFO]: [floodgate] Floodgate player logged in as .peggl300 joined (UUID: 00000000-0000-0000-0009-00000b949f41)
[19:13:34] [Server thread/INFO]: .peggl300 joined the game
[19:13:34] [Server thread/INFO]: .peggl300[/37.19.200.138:0] logged in with entity id 4893 at ([world]539.48425, 64.0, 1201.8909)
[19:13:55] [Server thread/INFO]: .peggl300 issued server command: /gamemode survival
[19:14:13] [defaultEventLoopGroup-6-3/INFO]: [Geyser-Spigot] peggl300 has disconnected from the Java server because of Bedrock client disconnected
[19:14:13] [Geyser Spigot connection thread-5-4/INFO]: [floodgate] Floodgate player logged in as .peggl300 disconnected
[19:14:13] [Server thread/INFO]: .peggl300 lost connection: Disconnected
[19:14:13] [Server thread/INFO]: .peggl300 left the game
[19:14:50] [Server thread/INFO]: firephoenix749 issued server command: /trigger home set 10
[19:14:50] [Server thread/INFO]: [firephoenix749: Triggered [Home] (set value to 10)]
[19:15:43] [Server thread/INFO]: firephoenix749 issued server command: /trigger home
[19:15:43] [Server thread/INFO]: [firephoenix749: Triggered [Home]]
[19:17:04] [Server thread/INFO]: firephoenix749 issued server command: /trigger back
[19:17:04] [Server thread/INFO]: [firephoenix749: Triggered [Back]]
[19:18:41] [User Authenticator #4/INFO]: UUID of player airphoenix749 is 4cc80f7d-4b05-435a-82b2-3be6800575fa
[19:18:41] [Server thread/INFO]: airphoenix749 joined the game
[19:18:41] [Server thread/INFO]: airphoenix749[/98.97.84.97:44726] logged in with entity id 5855 at ([world]4.60514706612737, 103.0, -45.335225690895186)
[19:18:47] [User Authenticator #5/INFO]: UUID of player Peggl3 is 8dcdea05-b427-4965-9d23-5b07bf2efd3f
[19:18:47] [Server thread/INFO]: Peggl3 joined the game
[19:18:47] [Server thread/INFO]: Peggl3[/98.97.84.97:11786] logged in with entity id 6020 at ([world]-59.51352799426687, 128.5625, -34.42765782484533)
[19:18:50] [Server thread/INFO]: firephoenix749 issued server command: /trigger home
[19:18:50] [Server thread/INFO]: [firephoenix749: Triggered [Home]]
[19:19:15] [Server thread/INFO]: firephoenix749 issued server command: /trigger back
[19:19:15] [Server thread/INFO]: [firephoenix749: Triggered [Back]]
[19:19:26] [Server thread/INFO]: Peggl3 issued server command: /enderchest
[19:19:29] [Server thread/INFO]: Peggl3 issued server command: /enderchest
[19:19:50] [Server thread/INFO]: Peggl3 issued server command: /trigger home set 8
[19:19:50] [Server thread/INFO]: [Peggl3: Triggered [Home] (set value to 8)]
[19:20:04] [Server thread/INFO]: Peggl3 issued server command: /trigger home
[19:20:04] [Server thread/INFO]: [Peggl3: Triggered [Home]]
[19:20:13] [Server thread/INFO]: Peggl3 issued server command: /gamemode survival
[19:20:13] [Server thread/INFO]: [Peggl3: Set own game mode to Survival Mode]
[19:20:23] [Server thread/INFO]: Peggl3 issued server command: /enderchest
[19:20:30] [Server thread/INFO]: Peggl3 issued server command: /enderchest
[19:21:36] [Server thread/INFO]: Peggl3 issued server command: /xp add @a 30 levels
[19:21:36] [Server thread/INFO]: [Peggl3: Gave 30 experience levels to 3 players]
[19:22:07] [Server thread/INFO]: Peggl3 issued server command: /give @p minecraft:oak_sign
[19:22:07] [Server thread/INFO]: [Peggl3: Gave 1 [Oak Sign] to Peggl3]
[19:22:51] [Server thread/INFO]: Peggl3 lost connection: Disconnected
[19:22:51] [Server thread/INFO]: Peggl3 left the game
[19:22:56] [Server thread/INFO]: firephoenix749 lost connection: Disconnected
[19:22:56] [Server thread/INFO]: firephoenix749 left the game
[19:23:03] [User Authenticator #6/INFO]: UUID of player Peggl3 is 8dcdea05-b427-4965-9d23-5b07bf2efd3f
[19:23:03] [Server thread/INFO]: Peggl3 joined the game
[19:23:03] [Server thread/INFO]: Peggl3[/98.97.84.97:44878] logged in with entity id 7308 at ([world]38.93766714782279, 93.0, -1.210521027499437)
[19:23:13] [User Authenticator #7/INFO]: UUID of player firephoenix749 is baf1a5ea-f94f-46d5-8395-4620e77717d2
[19:23:13] [Server thread/INFO]: firephoenix749 joined the game
[19:23:13] [Server thread/INFO]: firephoenix749[/98.97.84.97:47559] logged in with entity id 7348 at ([world_the_end]-1314.7292831616223, 64.0, 357.52529657327665)
[19:24:08] [Server thread/INFO]: firephoenix749 issued server command: /list
[19:24:14] [Server thread/INFO]: firephoenix749 issued server command: /list uuids
[19:24:31] [Server thread/INFO]: Peggl3 issued server command: /give airphoenix749 minecraft:cobblestone 3
[19:24:31] [Server thread/INFO]: [Peggl3: Gave 3 [Cobblestone] to airphoenix749]
[19:24:41] [Server thread/INFO]: Peggl3 issued server command: /trigger home
[19:24:41] [Server thread/INFO]: [Peggl3: Triggered [Home]]
[19:24:45] [Server thread/INFO]: firephoenix749 issued server command: /brush none
[19:24:49] [Server thread/INFO]: firephoenix749 issued server command: /brush
[19:25:12] [Server thread/INFO]: firephoenix749 issued server command: /tell airphoenix749 No
[19:25:23] [Server thread/INFO]: Peggl3 issued server command: /brush
[19:26:17] [Server thread/INFO]: Peggl3 issued server command: /trigger tpa set 3
[19:26:17] [Server thread/INFO]: [Peggl3: Triggered [tpa] (set value to 3)]
[19:26:22] [Server thread/INFO]: firephoenix749 issued server command: /trigger tpaccept
[19:26:22] [Server thread/INFO]: [firephoenix749: Triggered [tpaccept]]
[19:26:48] [Server thread/INFO]: Peggl3 has made the advancement [The City at the End of the Game]
[19:26:49] [Server thread/INFO]: airphoenix749 issued server command: /trigger tpa set 3
[19:26:49] [Server thread/INFO]: [airphoenix749: Triggered [tpa] (set value to 3)]
[19:27:01] [Server thread/INFO]: firephoenix749 issued server command: /trigger tpaccept
[19:27:01] [Server thread/INFO]: [firephoenix749: Triggered [tpaccept]]
[19:27:01] [Server thread/INFO]: airphoenix749 has made the advancement [The End?]
[19:27:03] [Server thread/INFO]: Peggl3 issued server command: /tp airphoenix749 @p
[19:27:03] [Server thread/INFO]: [Peggl3: Teleported airphoenix749 to Peggl3]
[19:27:04] [Server thread/INFO]: airphoenix749 has made the advancement [The City at the End of the Game]
[19:27:04] [Server thread/INFO]: firephoenix749 has made the advancement [The City at the End of the Game]
[19:27:14] [Server thread/INFO]: firephoenix749 issued server command: /trigger sethome add 12
[19:27:14] [Server thread/INFO]: [firephoenix749: Triggered [Set Home] (added 12 to value)]
[19:27:58] [Server thread/INFO]: firephoenix749 fell from a high place
[19:28:02] [Server thread/INFO]: Peggl3 was slain by Shulker
[19:28:09] [Server thread/INFO]: firephoenix749 issued server command: /trigger home set 12
[19:28:09] [Server thread/INFO]: [firephoenix749: Triggered [Home] (set value to 12)]
[19:28:21] [Server thread/INFO]: Peggl3 issued server command: /tp firephoenix749
[19:28:21] [Server thread/INFO]: [Peggl3: Teleported Peggl3 to firephoenix749]
[19:28:22] [Server thread/INFO]: airphoenix749 was slain by Shulker
[19:28:56] [Server thread/INFO]: airphoenix749 issued server command: /trigger tpa set 1
[19:28:56] [Server thread/INFO]: [airphoenix749: Triggered [tpa] (set value to 1)]
[19:29:51] [Server thread/INFO]: Peggl3 issued server command: /effect give @p minecraft:regeneration infinite
[19:29:51] [Server thread/INFO]: [Peggl3: Applied effect Regeneration to Peggl3]
[19:30:00] [Server thread/INFO]: firephoenix749 was slain by Shulker
[19:30:09] [Server thread/INFO]: firephoenix749 issued server command: /trigger home set 12
[19:30:09] [Server thread/INFO]: [firephoenix749: Triggered [Home] (set value to 12)]
[19:30:52] [Server thread/INFO]: Peggl3 has completed the challenge [Great View From Up Here]
[19:31:58] [Server thread/INFO]: firephoenix749 was slain by Shulker
[19:32:04] [Server thread/INFO]: firephoenix749 issued server command: /trigger home set 12
[19:32:04] [Server thread/INFO]: [firephoenix749: Triggered [Home] (set value to 12)]
[19:32:06] [Async Chat Thread - #6/INFO]: <airphoenix749> ww[m
[19:32:07] [Server thread/INFO]: Peggl3 issued server command: /gamemode creative
[19:32:07] [Server thread/INFO]: [Peggl3: Set own game mode to Creative Mode]
[19:32:16] [Server thread/INFO]: Peggl3 issued server command: /gamemode survival
[19:32:16] [Server thread/INFO]: [Peggl3: Set own game mode to Survival Mode]
[19:32:22] [Server thread/INFO]: firephoenix749 issued server command: /trigger tpa set 1
[19:32:22] [Server thread/INFO]: [firephoenix749: Triggered [tpa] (set value to 1)]
[19:32:25] [Server thread/INFO]: Peggl3 issued server command: /trigger tpaccept
[19:32:25] [Server thread/INFO]: [Peggl3: Triggered [tpaccept]]
[19:32:37] [Server thread/INFO]: airphoenix749 issued server command: /trigger tpa set 1
[19:32:37] [Server thread/INFO]: [airphoenix749: Triggered [tpa] (set value to 1)]
[19:32:44] [Server thread/INFO]: firephoenix749 has reached the goal [Sky's the Limit]
[19:32:46] [Server thread/INFO]: Peggl3 issued server command: /trigger tpaccept
[19:32:46] [Server thread/INFO]: [Peggl3: Triggered [tpaccept]]
[19:33:16] [Server thread/INFO]: Peggl3 issued server command: /gamemode creative
[19:33:16] [Server thread/INFO]: [Peggl3: Set own game mode to Creative Mode]
[19:33:21] [Server thread/INFO]: Peggl3 issued server command: /gamemode survival
[19:33:21] [Server thread/INFO]: [Peggl3: Set own game mode to Survival Mode]
[19:33:25] [Server thread/INFO]: airphoenix749 was doomed to fall by firephoenix749
[19:33:28] [Server thread/INFO]: Peggl3 issued server command: /effect clear @p
[19:33:28] [Server thread/INFO]: [Peggl3: Removed every effect from Peggl3]
[19:33:43] [Server thread/INFO]: Peggl3 issued server command: /trigger home
[19:33:43] [Server thread/INFO]: [Peggl3: Triggered [Home]]
[19:33:54] [Server thread/INFO]: Peggl3 issued server command: /enderchest
[19:34:02] [Server thread/INFO]: firephoenix749 issued server command: /trigger delhome set 12
[19:34:02] [Server thread/INFO]: [firephoenix749: Triggered [Delete Home] (set value to 12)]
[19:34:08] [Server thread/INFO]: firephoenix749 fell from a high place
[19:34:44] [epollEventLoopGroup-3-1/INFO]: [Geyser-Spigot] /37.19.200.138:59019 tried to connect!
[19:34:45] [epollEventLoopGroup-3-4/INFO]: [Geyser-Spigot] Player connected with username peggl300
[19:34:45] [defaultEventLoopGroup-6-4/INFO]: [Geyser-Spigot] peggl300 (logged in as: peggl300) has connected to the Java server
[19:34:45] [Geyser Spigot connection thread-5-1/INFO]: UUID of player .peggl300 is 00000000-0000-0000-0009-00000b949f41
[19:34:45] [Server thread/INFO]: [floodgate] Floodgate player logged in as .peggl300 joined (UUID: 00000000-0000-0000-0009-00000b949f41)
[19:34:45] [Server thread/INFO]: .peggl300 joined the game
[19:34:45] [Server thread/INFO]: .peggl300[/37.19.200.138:0] logged in with entity id 10375 at ([world]547.48804, 63.9375, 1203.3457)
[19:34:55] [Server thread/INFO]: Peggl3 issued server command: /gamemode survival .peggl300
[19:34:55] [Server thread/INFO]: [Peggl3: Set .peggl300's game mode to Survival Mode]
[19:35:35] [Server thread/INFO]: Peggl3 issued server command: /tp .peggl300 @p
[19:35:35] [Server thread/INFO]: [Peggl3: Teleported .peggl300 to Peggl3]
[19:36:47] [Server thread/INFO]: Peggl3 issued server command: /setblock ~ ~-3 ~ minecraft:redstone_block
[19:36:47] [Server thread/INFO]: [Peggl3: Changed the block at 92, 86, -37]
[19:37:00] [Server thread/INFO]: Peggl3 issued server command: /setblock ~ ~-2 ~ minecraft:redstone_lamp
[19:37:00] [Server thread/INFO]: [Peggl3: Changed the block at 92, 87, -37]
[19:37:17] [Server thread/INFO]: Peggl3 issued server command: /setblock ~ ~-1 ~ minecraft:purple_stained_glass
[19:37:17] [Server thread/INFO]: [Peggl3: Changed the block at 92, 88, -37]
[19:37:46] [Server thread/INFO]: Peggl3 issued server command: /trigger home
[19:37:46] [Server thread/INFO]: [Peggl3: Triggered [Home]]
[19:38:31] [Server thread/INFO]: Peggl3 issued server command: /effect give .peggl300 minecraft:regeneration infinite 100
[19:38:31] [Server thread/INFO]: [Peggl3: Applied effect Regeneration to .peggl300]
[19:38:54] [Server thread/INFO]: Peggl3 issued server command: /effect give .peggl300 minecraft:absorption infinite 100
[19:38:54] [Server thread/INFO]: [Peggl3: Applied effect Absorption to .peggl300]
[19:39:24] [Server thread/INFO]: Peggl3 issued server command: /enderchest
[19:39:41] [Server thread/INFO]: firephoenix749 lost connection: Disconnected
[19:39:41] [Server thread/INFO]: firephoenix749 left the game
[19:40:40] [Server thread/INFO]: Peggl3 issued server command: /tp .peggl300 @p
[19:40:40] [Server thread/INFO]: [Peggl3: Teleported .peggl300 to Peggl3]
[19:41:04] [Server thread/INFO]: Peggl3 issued server command: /gamemode spectator
[19:41:04] [Server thread/INFO]: [Peggl3: Set own game mode to Spectator Mode]
[19:41:10] [Server thread/INFO]: Peggl3 issued server command: /region list
[19:41:12] [Server thread/INFO]: Peggl3 issued server command: /rg tp -c -w "world" annie's_area
[19:41:17] [Server thread/INFO]: Peggl3 issued server command: /tp .peggl300 @p
[19:41:17] [Server thread/INFO]: [Peggl3: Teleported .peggl300 to Peggl3]
[19:41:17] [Server thread/WARN]: .peggl300 moved too quickly! 141.55603170802067,-40.11859992449246,8.024002145432831
[19:41:19] [Server thread/INFO]: Peggl3 issued server command: /trigger home
[19:41:19] [Server thread/INFO]: [Peggl3: Triggered [Home]]
[19:41:22] [Server thread/INFO]: Peggl3 issued server command: /gamemode survival
[19:41:22] [Server thread/INFO]: [Peggl3: Set own game mode to Survival Mode]
[19:41:45] [Server thread/INFO]: airphoenix749 issued server command: /trigger home
[19:41:45] [Server thread/INFO]: [airphoenix749: Triggered [Home]]
[19:42:52] [Server thread/INFO]: airphoenix749 tried to swim in lava to escape Hoglin
[19:43:07] [Server thread/INFO]: airphoenix749 lost connection: Disconnected
[19:43:07] [Server thread/INFO]: airphoenix749 left the game
[19:43:26] [Server thread/INFO]: Peggl3 issued server command: /trigger home set 2
[19:43:26] [Server thread/INFO]: [Peggl3: Triggered [Home] (set value to 2)]
[19:43:42] [Server thread/INFO]: Peggl3 issued server command: /trigger home
[19:43:42] [Server thread/INFO]: [Peggl3: Triggered [Home]]
[19:44:40] [Server thread/INFO]: Peggl3 issued server command: //wand
[19:44:49] [Server thread/INFO]: Peggl3 issued server command: /gamemode creative
[19:44:49] [Server thread/INFO]: [Peggl3: Set own game mode to Creative Mode]
[19:45:18] [Server thread/INFO]: Peggl3 issued server command: //expand vert
[19:45:25] [Server thread/INFO]: Peggl3 issued server command: /rg define adam's_area
[19:45:29] [Server thread/INFO]: Peggl3 issued server command: /rg flags
[19:45:32] [Server thread/INFO]: Peggl3 issued server command: /rg list
[19:45:35] [Server thread/INFO]: Peggl3 issued server command: /rg info -w "world" adam's_area
[19:45:47] [Server thread/INFO]: Peggl3 issued server command: /rg addowner -w "world" adam's_area firephoenix749
[19:45:51] [WorldGuard Region I/O/INFO]: [WorldGuard] Region data changes made in 'world' have been background saved
[19:45:51] [Server thread/INFO]: Peggl3 issued server command: /rg list
[19:45:53] [Server thread/INFO]: Peggl3 issued server command: /rg info -w "world" adam's_area
[19:46:03] [Server thread/INFO]: Peggl3 issued server command: /tp .peggl300 @
[19:46:05] [Server thread/INFO]: Peggl3 issued server command: /tp .peggl300 @p
[19:46:05] [Server thread/INFO]: [Peggl3: Teleported .peggl300 to Peggl3]
[19:46:05] [Server thread/WARN]: .peggl300 moved too quickly! -10.851395035551036,27.5203201651003,-69.20324376776048
[19:48:15] [Server thread/INFO]: Peggl3 issued server command: /tp .peggl300 @p
[19:48:15] [Server thread/INFO]: [Peggl3: Teleported .peggl300 to Peggl3]
[19:48:16] [Server thread/WARN]: .peggl300 moved too quickly! 18.14789836763525,31.523594758735186,-13.091392351050501
[19:49:08] [Server thread/INFO]: Peggl3 issued server command: /tp .peggl300 @p
[19:49:08] [Server thread/INFO]: [Peggl3: Teleported .peggl300 to Peggl3]
[19:50:14] [Server thread/INFO]: Peggl3 issued server command: /tp .peggl300 @p
[19:50:14] [Server thread/INFO]: [Peggl3: Teleported .peggl300 to Peggl3]
[19:50:14] [Server thread/WARN]: .peggl300 moved too quickly! -5.007913267518049,-25.0,80.89910138654527
[19:50:49] [Server thread/INFO]: Peggl3 issued server command: /rg list
[19:50:51] [Server thread/INFO]: Peggl3 issued server command: /rg info -w "world" annie's_area
[19:51:54] [Server thread/INFO]: Peggl3 issued server command: /gamemode survival
[19:51:54] [Server thread/INFO]: [Peggl3: Set own game mode to Survival Mode]
[19:52:10] [Server thread/INFO]: Peggl3 issued server command: /tp .peggl300 @p
[19:52:10] [Server thread/INFO]: [Peggl3: Teleported .peggl300 to Peggl3]
[19:52:10] [Server thread/WARN]: .peggl300 moved too quickly! -9.951444878357876,13.0,10.273195682049213
[19:55:58] [Server thread/INFO]: Peggl3 lost connection: Timed out
[19:55:58] [Server thread/INFO]: Peggl3 left the game
[19:56:14] [User Authenticator #8/INFO]: UUID of player Peggl3 is 8dcdea05-b427-4965-9d23-5b07bf2efd3f
[19:56:14] [Server thread/INFO]: Peggl3 joined the game
[19:56:14] [Server thread/INFO]: Peggl3[/206.217.205.28:54472] logged in with entity id 14534 at ([world]68.125147012756, 90.0, -56.21037917265864)
[19:56:48] [Server thread/INFO]: Peggl3 issued server command: /tp .peggl300 @p
[19:56:48] [Server thread/INFO]: [Peggl3: Teleported .peggl300 to Peggl3]
[19:56:48] [Server thread/WARN]: .peggl300 moved too quickly! -53.83827145404291,11.0,-33.03017158001845
[19:57:27] [Server thread/INFO]: Peggl3 issued server command: /trigger home
[19:57:27] [Server thread/INFO]: [Peggl3: Triggered [Home]]
[19:58:21] [Server thread/INFO]: Peggl3 issued server command: /trigger home
[19:58:21] [Server thread/INFO]: [Peggl3: Triggered [Home]]
[19:59:13] [Server thread/INFO]: Peggl3 issued server command: //wand
[19:59:41] [Server thread/INFO]: Peggl3 issued server command: /rg define cows
[19:59:51] [WorldGuard Region I/O/INFO]: [WorldGuard] Region data changes made in 'world' have been background saved
[19:59:59] [Server thread/INFO]: Peggl3 issued server command: /rg list
[20:00:05] [Server thread/INFO]: Peggl3 issued server command: /rg list -w "world" 2
[20:00:06] [Server thread/INFO]: Peggl3 issued server command: /rg info -w "world" spawn
[20:00:18] [Server thread/INFO]: Peggl3 issued server command: /deop
[20:00:20] [Server thread/INFO]: Peggl3 issued server command: /deop Peggl3
[20:00:20] [Server thread/INFO]: [Peggl3: Made Peggl3 no longer a server operator]
[20:00:42] [Server thread/INFO]: Made Peggl3 a server operator
[20:00:50] [Server thread/INFO]: Peggl3 issued server command: /rg flags spawn
[20:01:01] [Server thread/INFO]: Peggl3 issued server command: /rg flags cows
[20:01:05] [Server thread/INFO]: Peggl3 issued server command: /rg flag -w "world" -h 1 cows damage-animals DENY
[20:01:15] [Server thread/INFO]: Peggl3 issued server command: /deop Peggl3
[20:01:15] [Server thread/INFO]: [Peggl3: Made Peggl3 no longer a server operator]
[20:01:21] [WorldGuard Region I/O/INFO]: [WorldGuard] Region data changes made in 'world' have been background saved
[20:01:25] [Server thread/INFO]: Made Peggl3 a server operator
[20:01:37] [Server thread/INFO]: Peggl3 issued server command: /rg redefine
[20:01:54] [Server thread/INFO]: Peggl3 issued server command: /rg del cows
[20:02:21] [WorldGuard Region I/O/INFO]: [WorldGuard] Region data changes made in 'world' have been background saved
[20:02:25] [Server thread/INFO]: Peggl3 issued server command: /rg define cows
[20:02:33] [Server thread/INFO]: Peggl3 issued server command: /rg flags cows
[20:02:38] [Server thread/INFO]: Peggl3 issued server command: /rg flag -w "world" -h 1 cows damage-animals DENY
[20:02:41] [Server thread/INFO]: Peggl3 issued server command: /deop Peggl3
[20:02:41] [Server thread/INFO]: [Peggl3: Made Peggl3 no longer a server operator]
[20:02:51] [WorldGuard Region I/O/INFO]: [WorldGuard] Region data changes made in 'world' have been background saved
[20:03:02] [Server thread/INFO]: Made Peggl3 a server operator
[20:03:23] [Server thread/INFO]: Peggl3 issued server command: /deop Peggl3
[20:03:23] [Server thread/INFO]: [Peggl3: Made Peggl3 no longer a server operator]
[20:03:35] [defaultEventLoopGroup-6-4/INFO]: [Geyser-Spigot] peggl300 has disconnected from the Java server because of Bedrock client disconnected
[20:03:35] [Geyser Spigot connection thread-5-1/INFO]: [floodgate] Floodgate player logged in as .peggl300 disconnected
[20:03:35] [Server thread/INFO]: .peggl300 lost connection: Disconnected
[20:03:35] [Server thread/INFO]: .peggl300 left the game
[20:04:02] [Server thread/INFO]: Made Peggl3 a server operator
[20:04:32] [epollEventLoopGroup-3-1/INFO]: [Geyser-Spigot] /37.19.200.138:59019 tried to connect!
[20:05:14] [epollEventLoopGroup-3-1/INFO]: [Geyser-Spigot] Bedrock user with ip: /37.19.200.138 has disconnected for reason Bedrock client disconnected
[20:05:52] [epollEventLoopGroup-3-1/INFO]: [Geyser-Spigot] /37.19.200.138:61822 tried to connect!
[20:05:53] [epollEventLoopGroup-3-2/INFO]: [Geyser-Spigot] Player connected with username peggl300
[20:05:53] [defaultEventLoopGroup-6-1/INFO]: [Geyser-Spigot] peggl300 (logged in as: peggl300) has connected to the Java server
[20:05:54] [Geyser Spigot connection thread-5-2/INFO]: UUID of player .peggl300 is 00000000-0000-0000-0009-00000b949f41
[20:05:54] [Server thread/INFO]: [floodgate] Floodgate player logged in as .peggl300 joined (UUID: 00000000-0000-0000-0009-00000b949f41)
[20:05:54] [Server thread/INFO]: .peggl300 joined the game
[20:05:54] [Server thread/INFO]: .peggl300[/37.19.200.138:0] logged in with entity id 16607 at ([world]13.831402, 105.0, -127.30001)
[20:08:35] [Server thread/INFO]: .peggl300 has made the advancement [Not Today, Thank You]
[20:09:53] [Server thread/INFO]: Peggl3 issued server command: /trigger home
[20:09:53] [Server thread/INFO]: [Peggl3: Triggered [Home]]
[20:10:27] [Server thread/INFO]: Peggl3 issued server command: /tp .peggl300 @p
[20:10:27] [Server thread/INFO]: [Peggl3: Teleported .peggl300 to Peggl3]
[20:10:30] [Server thread/INFO]: Peggl3 issued server command: /trigger back
[20:10:30] [Server thread/INFO]: [Peggl3: Triggered [Back]]
[20:13:38] [Server thread/INFO]: Peggl3 issued server command: /trigger home
[20:13:38] [Server thread/INFO]: [Peggl3: Triggered [Home]]
[20:13:45] [Server thread/INFO]: Peggl3 issued server command: /trigger back
[20:13:45] [Server thread/INFO]: [Peggl3: Triggered [Back]]
[20:15:32] [Server thread/INFO]: Peggl3 issued server command: /trigger home
[20:15:32] [Server thread/INFO]: [Peggl3: Triggered [Home]]
[20:15:45] [Server thread/INFO]: Peggl3 issued server command: /trigger back
[20:15:45] [Server thread/INFO]: [Peggl3: Triggered [Back]]
[20:15:55] [Server thread/INFO]: Peggl3 issued server command: /trigger home
[20:15:55] [Server thread/INFO]: [Peggl3: Triggered [Home]]
[20:16:39] [Server thread/INFO]: Peggl3 issued server command: /trigger back
[20:16:39] [Server thread/INFO]: [Peggl3: Triggered [Back]]
[20:16:49] [Server thread/INFO]: Peggl3 issued server command: /trigger home
[20:16:49] [Server thread/INFO]: [Peggl3: Triggered [Home]]
[20:16:59] [Server thread/INFO]: Peggl3 issued server command: /trigger back
[20:16:59] [Server thread/INFO]: [Peggl3: Triggered [Back]]
[20:17:32] [Server thread/INFO]: Peggl3 issued server command: /trigger home
[20:17:32] [Server thread/INFO]: [Peggl3: Triggered [Home]]
[20:17:46] [Server thread/INFO]: Peggl3 issued server command: /trigger back
[20:17:46] [Server thread/INFO]: [Peggl3: Triggered [Back]]
[20:18:07] [Server thread/INFO]: Peggl3 issued server command: /gamemode creative
[20:18:07] [Server thread/INFO]: [Peggl3: Set own game mode to Creative Mode]
[20:18:16] [Server thread/INFO]: Peggl3 issued server command: /gamemode survival
[20:18:16] [Server thread/INFO]: [Peggl3: Set own game mode to Survival Mode]
[20:19:13] [defaultEventLoopGroup-6-1/INFO]: [Geyser-Spigot] peggl300 has disconnected from the Java server because of Bedrock client disconnected
[20:19:13] [Geyser Spigot connection thread-5-2/INFO]: [floodgate] Floodgate player logged in as .peggl300 disconnected
[20:19:13] [Server thread/INFO]: .peggl300 lost connection: Disconnected
[20:19:13] [Server thread/INFO]: .peggl300 left the game
[20:24:26] [Server thread/INFO]: Peggl3 lost connection: Timed out
[20:24:26] [Server thread/INFO]: Peggl3 left the game
[20:40:10] [Server console handler/ERROR]: Exception handling console input
java.io.IOException: Input/output error
	at java.io.FileInputStream.readBytes(Native Method) ~[?:?]
	at java.io.FileInputStream.read(FileInputStream.java:276) ~[?:?]
	at java.io.BufferedInputStream.fill(BufferedInputStream.java:244) ~[?:?]
	at java.io.BufferedInputStream.read(BufferedInputStream.java:263) ~[?:?]
	at jline.internal.NonBlockingInputStream.read(NonBlockingInputStream.java:169) ~[jline-2.12.1.jar:?]
	at jline.internal.NonBlockingInputStream.read(NonBlockingInputStream.java:137) ~[jline-2.12.1.jar:?]
	at jline.internal.NonBlockingInputStream.read(NonBlockingInputStream.java:246) ~[jline-2.12.1.jar:?]
	at jline.internal.InputStreamReader.read(InputStreamReader.java:261) ~[jline-2.12.1.jar:?]
	at jline.internal.InputStreamReader.read(InputStreamReader.java:198) ~[jline-2.12.1.jar:?]
	at jline.console.ConsoleReader.readCharacter(ConsoleReader.java:2145) ~[jline-2.12.1.jar:?]
	at jline.console.ConsoleReader.readLine(ConsoleReader.java:2349) ~[jline-2.12.1.jar:?]
	at net.minecraft.server.dedicated.DedicatedServer$1.run(DedicatedServer.java:117) ~[spigot-1.20.1-R0.1-SNAPSHOT.jar:3857-Spigot-94e187b-8ef7afe]
