[00:05:33] [Server thread/INFO]: airphoenix749 has completed the challenge [Cover Me in Debris]
[00:13:56] [Server thread/INFO]: airphoenix749 lost connection: Disconnected
[00:13:56] [Server thread/INFO]: airphoenix749 left the game
[00:18:19] [User Authenticator #3/INFO]: UUID of player JAMtime_ is 9a5e031f-411a-4052-b202-5ccb6b6c0591
[00:18:19] [Server thread/INFO]: JAMtime_ joined the game
[00:18:20] [Server thread/INFO]: JAMtime_[/98.97.84.224:12993] logged in with entity id 15909 at ([world]24.07499998807907, 88.0, -46.9985969525548)
[00:18:49] [Async Chat Thread - #3/INFO]: <JAMtime_> rigger homes[m
[00:18:55] [Server thread/INFO]: JAMtime_ issued server command: /trigger homes
[00:18:55] [Server thread/INFO]: [JAMtime_: Triggered [Homes]]
[00:19:21] [Server thread/INFO]: JAMtime_ issued server command: /trigger home set 18
[00:19:21] [Server thread/INFO]: [JAMtime_: Triggered [Home] (set value to 18)]
[00:19:21] [pool-54-thread-1/INFO]: Environment: authHost='https://authserver.mojang.com', accountsHost='https://api.mojang.com', sessionHost='https://sessionserver.mojang.com', servicesHost='https://api.minecraftservices.com', name='PROD'
[00:23:01] [Server thread/INFO]: firephoenix749 lost connection: Disconnected
[00:23:01] [Server thread/INFO]: firephoenix749 left the game
[00:38:47] [Server thread/INFO]: JAMtime_ lost connection: Disconnected
[00:38:47] [Server thread/INFO]: JAMtime_ left the game
[00:54:03] [Thread-2/INFO]: Stopping server
[00:54:03] [Thread-2/INFO]: [Multiverse-NetherPortals] Disabling Multiverse-NetherPortals v4.2.3
[00:54:03] [Thread-2/INFO]: [Multiverse-NetherPortals] - Disabled
[00:54:03] [Server console handler/ERROR]: Exception handling console input
java.io.IOException: Input/output error
	at java.io.FileInputStream.readBytes(Native Method) ~[?:?]
	at java.io.FileInputStream.read(FileInputStream.java:276) ~[?:?]
	at java.io.BufferedInputStream.fill(BufferedInputStream.java:244) ~[?:?]
	at java.io.BufferedInputStream.read(BufferedInputStream.java:263) ~[?:?]
	at jline.internal.NonBlockingInputStream.read(NonBlockingInputStream.java:169) ~[jline-2.12.1.jar:?]
	at jline.internal.NonBlockingInputStream.read(NonBlockingInputStream.java:137) ~[jline-2.12.1.jar:?]
	at jline.internal.NonBlockingInputStream.read(NonBlockingInputStream.java:246) ~[jline-2.12.1.jar:?]
	at jline.internal.InputStreamReader.read(InputStreamReader.java:261) ~[jline-2.12.1.jar:?]
	at jline.internal.InputStreamReader.read(InputStreamReader.java:198) ~[jline-2.12.1.jar:?]
	at jline.console.ConsoleReader.readCharacter(ConsoleReader.java:2145) ~[jline-2.12.1.jar:?]
	at jline.console.ConsoleReader.readLine(ConsoleReader.java:2349) ~[jline-2.12.1.jar:?]
	at net.minecraft.server.dedicated.DedicatedServer$1.run(DedicatedServer.java:117) ~[spigot-1.20.1-R0.1-SNAPSHOT.jar:3857-Spigot-94e187b-8ef7afe]
