Removed world/poi/r.23640.-16105.mca: 0 size
Removed world/poi/r.0.-5.mca: 0 size
Removed world/poi/r.23640.-16106.mca: 0 size
Removed world/poi/r.-2.5.mca: 0 size
Removed world/poi/r.-2.0.mca: 0 size
Removed world/poi/r.-2.-3.mca: 0 size
Removed world/poi/r.1.0.mca: 0 size
Removed world/poi/r.-2.4.mca: 0 size
Removed world/poi/r.-1.-3.mca: 0 size
Removed world/poi/r.43102.-8176.mca: 0 size
Removed world/poi/r.2.-1.mca: 0 size
Removed world/poi/r.23641.-16105.mca: 0 size
Removed world/poi/r.-2.-5.mca: 0 size
Removed world/poi/r.1.-1.mca: 0 size
Removed world/poi/r.2.-2.mca: 0 size
Removed world/poi/r.0.-4.mca: 0 size
Removed world/poi/r.-1.1.mca: 0 size
Removed world/poi/r.-2.-2.mca: 0 size
Removed world/poi/r.-4.-2.mca: 0 size
Removed world/poi/r.1.-2.mca: 0 size
Removed world/poi/r.1.1.mca: 0 size
Removed world/poi/r.3.0.mca: 0 size
Removed world/poi/r.0.4.mca: 0 size
Removed world/poi/r.23641.-16106.mca: 0 size
Removed world/poi/r.0.5.mca: 0 size
Removed world/poi/r.0.1.mca: 0 size
Removed world/poi/r.1.-3.mca: 0 size
Removed world/poi/r.0.-3.mca: 0 size
Removed world/poi/r.43103.-8175.mca: 0 size
Removed world/poi/r.-1.-5.mca: 0 size
Removed world/poi/r.3.-2.mca: 0 size
Removed world/poi/r.43103.-8176.mca: 0 size
Removed world/poi/r.43102.-8175.mca: 0 size
Removed world/poi/r.-1.3.mca: 0 size
Removed world/poi/r.-4.-4.mca: 0 size
Removed world/poi/r.-3.-2.mca: 0 size
Removed world/poi/r.2.0.mca: 0 size
Removed world/poi/r.2.-3.mca: 0 size
Removed world/poi/r.-2.1.mca: 0 size
Removed world/DIM-1/poi/r.-2.0.mca: 0 size
Removed world/DIM-1/poi/r.-1.-1.mca: 0 size
Removed world/DIM-1/poi/r.-1.-2.mca: 0 size
Removed world/DIM-1/poi/r.0.-2.mca: 0 size
Removed world/DIM-1/poi/r.-1.0.mca: 0 size
Removed world/DIM-1/poi/r.-2.-2.mca: 0 size
Removed world/DIM-1/poi/r.0.0.mca: 0 size
Removed world/DIM-1/poi/r.25273.33690.mca: 0 size
Removed world/DIM-1/poi/r.-2.-1.mca: 0 size
Removed world/DIM-1/data/raids.dat: not used
Removed world/playerdata/8dcdea05-b427-4965-9d23-5b07bf2efd3f.dat_old: not used
Removed world/playerdata/4097cdbf-bd6d-4dc4-b3c5-18284f270443.dat_old: not used
Removed world/playerdata/c53b8f2b-f428-4034-8ec1-567c2121c958.dat_old: not used
Removed world/playerdata/734c983b-d6e5-4564-b72a-3fbaaca0ebff.dat_old: not used
Removed datapacks/double shulker shells v1.3.3.zip/pack.png: not used
Removed datapacks/spawn v2.3.3.zip/pack.png: not used
Removed datapacks/dragon drops v1.3.3.zip/pack.png: not used
Removed datapacks/armored elytra v1.0.6.zip/pack.png: not used
Removed datapacks/van.zip/coordinates hud v1.2.3.zip: not used
Removed datapacks/van.zip/graves v2.8.7.zip: not used
Removed datapacks/van.zip/fast leaf decay v2.0.6.zip: not used
Removed datapacks/van.zip/armored elytra v1.0.6.zip: not used
Removed datapacks/van.zip/double shulker shells v1.3.3.zip: not used
Removed datapacks/van.zip/dragon drops v1.3.3.zip: not used
Removed datapacks/van.zip/villager death messages v1.2.4.zip: not used
Removed datapacks/van.zip/back v1.3.3.zip: not used
Removed datapacks/van.zip/tpa v2.3.3.zip: not used
Removed datapacks/van.zip/homes v1.5.4.zip: not used
Removed datapacks/van.zip/spawn v2.3.3.zip: not used
Removed datapacks/tpa v2.3.3.zip/pack.png: not used
Removed datapacks/fast leaf decay v2.0.6.zip/pack.png: not used
Removed datapacks/coordinates hud v1.2.3.zip/pack.png: not used
Removed datapacks/graves v2.8.7.zip/pack.png: not used
Removed datapacks/villager death messages v1.2.4.zip/pack.png: not used
Removed datapacks/back v1.3.3.zip/pack.png: not used
Removed datapacks/homes v1.5.4.zip/pack.png: not used
Removed world/entities/r.-4.-4.mca: 0 size
Removed world/entities/r.2.-3.mca: 0 size
Validated 613 files, 536 accepted, 77 rejected.
