Removed datapacks/anti enderman grief v1.1.2.zip/pack.png: not used
Removed datapacks/armored elytra v1.0.5.zip/pack.png: not used
Removed datapacks/back v1.3.2.zip/pack.png: not used
Removed datapacks/coordinates hud v1.2.2.zip/pack.png: not used
Removed datapacks/double shulker shells v1.3.2.zip/pack.png: not used
Removed datapacks/dragon drops v1.3.2.zip/pack.png: not used
Removed datapacks/fast leaf decay v2.0.5.zip/pack.png: not used
Removed datapacks/graves v2.8.5.zip/pack.png: not used
Removed datapacks/homes v1.5.3.zip/pack.png: not used
Removed datapacks/larger phantoms v1.2.3.zip/pack.png: not used
Removed datapacks/more mob heads v2.9.4.zip/pack.png: not used
Removed datapacks/multiplayer sleep v2.6.2.zip/pack.png: not used
Removed datapacks/player head drops v1.1.2.zip/pack.png: not used
Removed datapacks/spawn v2.3.2.zip/pack.png: not used
Removed datapacks/timber v2.1.4.zip/pack.png: not used
Removed datapacks/tpa v2.3.2.zip/pack.png: not used
Removed world/DIM-1/data/raids.dat: not used
Removed world/playerdata/734c983b-d6e5-4564-b72a-3fbaaca0ebff.dat_old: not used
Removed world/playerdata/8dcdea05-b427-4965-9d23-5b07bf2efd3f.dat_old: not used
Removed world/poi/r.0.-1.mca: 0 size
Removed world/poi/r.0.0.mca: 0 size
Validated 725 files, 704 accepted, 21 rejected.
